# This is the CMakeCache file.
# For build in directory: /d/dev/Github/libczi-zeiss-ptahmose/buildmsys2/msys
# It was generated by CMake: /usr/bin/cmake.exe
# You can edit this file to change values found and used by cmake.
# If you do not want to change any of the values, simply exit the editor.
# If you do want to change a value, simply edit, save, and exit the editor.
# The syntax for the file is as follows:
# KEY:TYPE=VALUE
# KEY is the name of a variable in the cache.
# TYPE is a hint to GUIs for the type of VALUE, DO NOT EDIT TYPE!.
# VALUE is the current value for the KEY.

########################
# EXTERNAL cache entries
########################

//Builds the googlemock subproject
BUILD_GMOCK:BOOL=ON

BUILD_SHARED_LIBS:BOOL=OFF

//Build the testing tree.
BUILD_TESTING:BOOL=ON

//Path to a program.
CCACHE_FOUND:FILEPATH=CCACHE_FOUND-NOTFOUND

//Value Computed by CMake
CLI11_BINARY_DIR:STATIC=/d/dev/Github/libczi-zeiss-ptahmose/buildmsys2/msys/_deps/cli11-build

//Value Computed by CMake
CLI11_IS_TOP_LEVEL:STATIC=OFF

//Generate a precompiled static library instead of a header-only
CLI11_PRECOMPILED:BOOL=OFF

//Download the sanitizers CMake config
CLI11_SANITIZERS:BOOL=OFF

//Generate a single header file
CLI11_SINGLE_FILE:BOOL=OFF

//Value Computed by CMake
CLI11_SOURCE_DIR:STATIC=/d/dev/Github/libczi-zeiss-ptahmose/buildmsys2/msys/_deps/cli11-src

//Turn all warnings into errors (for CI)
CLI11_WARNINGS_AS_ERRORS:BOOL=OFF

//Path to a program.
CMAKE_ADDR2LINE:FILEPATH=/usr/bin/addr2line.exe

//Path to a program.
CMAKE_AR:FILEPATH=/usr/bin/ar.exe

//ASM compiler
CMAKE_ASM_COMPILER:FILEPATH=/usr/bin/cc.exe

//A wrapper around 'ar' adding the appropriate '--plugin' option
// for the GCC compiler
CMAKE_ASM_COMPILER_AR:FILEPATH=/usr/bin/gcc-ar.exe

//A wrapper around 'ranlib' adding the appropriate '--plugin' option
// for the GCC compiler
CMAKE_ASM_COMPILER_RANLIB:FILEPATH=/usr/bin/gcc-ranlib.exe

//Flags used by the ASM compiler during all build types.
CMAKE_ASM_FLAGS:STRING=

//Flags used by the ASM compiler during DEBUG builds.
CMAKE_ASM_FLAGS_DEBUG:STRING=-g

//Flags used by the ASM compiler during MINSIZEREL builds.
CMAKE_ASM_FLAGS_MINSIZEREL:STRING=-Os -DNDEBUG

//Flags used by the ASM compiler during RELEASE builds.
CMAKE_ASM_FLAGS_RELEASE:STRING=-O3 -DNDEBUG

//Flags used by the ASM compiler during RELWITHDEBINFO builds.
CMAKE_ASM_FLAGS_RELWITHDEBINFO:STRING=-O2 -g -DNDEBUG

//Choose the type of build.
CMAKE_BUILD_TYPE:STRING=Release

//Enable/Disable color output during build.
CMAKE_COLOR_MAKEFILE:BOOL=ON

//CXX compiler
CMAKE_CXX_COMPILER:FILEPATH=/usr/bin/c++.exe

//A wrapper around 'ar' adding the appropriate '--plugin' option
// for the GCC compiler
CMAKE_CXX_COMPILER_AR:FILEPATH=/usr/bin/gcc-ar.exe

//A wrapper around 'ranlib' adding the appropriate '--plugin' option
// for the GCC compiler
CMAKE_CXX_COMPILER_RANLIB:FILEPATH=/usr/bin/gcc-ranlib.exe

//Flags used by the CXX compiler during all build types.
CMAKE_CXX_FLAGS:STRING=

//Flags used by the CXX compiler during DEBUG builds.
CMAKE_CXX_FLAGS_DEBUG:STRING=-g

//Flags used by the CXX compiler during MINSIZEREL builds.
CMAKE_CXX_FLAGS_MINSIZEREL:STRING=-Os -DNDEBUG

//Flags used by the CXX compiler during RELEASE builds.
CMAKE_CXX_FLAGS_RELEASE:STRING=-O3 -DNDEBUG

//Flags used by the CXX compiler during RELWITHDEBINFO builds.
CMAKE_CXX_FLAGS_RELWITHDEBINFO:STRING=-O2 -g -DNDEBUG

//C compiler
CMAKE_C_COMPILER:FILEPATH=/usr/bin/cc.exe

//A wrapper around 'ar' adding the appropriate '--plugin' option
// for the GCC compiler
CMAKE_C_COMPILER_AR:FILEPATH=/usr/bin/gcc-ar.exe

//A wrapper around 'ranlib' adding the appropriate '--plugin' option
// for the GCC compiler
CMAKE_C_COMPILER_RANLIB:FILEPATH=/usr/bin/gcc-ranlib.exe

//Flags used by the C compiler during all build types.
CMAKE_C_FLAGS:STRING=

//Flags used by the C compiler during DEBUG builds.
CMAKE_C_FLAGS_DEBUG:STRING=-g

//Flags used by the C compiler during MINSIZEREL builds.
CMAKE_C_FLAGS_MINSIZEREL:STRING=-Os -DNDEBUG

//Flags used by the C compiler during RELEASE builds.
CMAKE_C_FLAGS_RELEASE:STRING=-O3 -DNDEBUG

//Flags used by the C compiler during RELWITHDEBINFO builds.
CMAKE_C_FLAGS_RELWITHDEBINFO:STRING=-O2 -g -DNDEBUG

//Path to a program.
CMAKE_DLLTOOL:FILEPATH=/usr/bin/dlltool.exe

//Flags used by the linker during all build types.
CMAKE_EXE_LINKER_FLAGS:STRING=-Wl,--enable-auto-import

//Flags used by the linker during DEBUG builds.
CMAKE_EXE_LINKER_FLAGS_DEBUG:STRING=

//Flags used by the linker during MINSIZEREL builds.
CMAKE_EXE_LINKER_FLAGS_MINSIZEREL:STRING=

//Flags used by the linker during RELEASE builds.
CMAKE_EXE_LINKER_FLAGS_RELEASE:STRING=

//Flags used by the linker during RELWITHDEBINFO builds.
CMAKE_EXE_LINKER_FLAGS_RELWITHDEBINFO:STRING=

//Enable/Disable output of compile commands during generation.
CMAKE_EXPORT_COMPILE_COMMANDS:BOOL=

//Value Computed by CMake.
CMAKE_FIND_PACKAGE_REDIRECTS_DIR:STATIC=/d/dev/Github/libczi-zeiss-ptahmose/buildmsys2/msys/CMakeFiles/pkgRedirects

//User executables (bin)
CMAKE_INSTALL_BINDIR:PATH=bin

//Read-only architecture-independent data (DATAROOTDIR)
CMAKE_INSTALL_DATADIR:PATH=

//Read-only architecture-independent data root (share)
CMAKE_INSTALL_DATAROOTDIR:PATH=share

//The directory cmake files are installed in
CMAKE_INSTALL_DIR:PATH=/usr/local/lib/cmake/RapidJSON

//Documentation root (DATAROOTDIR/doc/PROJECT_NAME)
CMAKE_INSTALL_DOCDIR:PATH=

//C header files (include)
CMAKE_INSTALL_INCLUDEDIR:PATH=include

//Info documentation (DATAROOTDIR/info)
CMAKE_INSTALL_INFODIR:PATH=

//Object code libraries (lib)
CMAKE_INSTALL_LIBDIR:PATH=lib

//Program executables (libexec)
CMAKE_INSTALL_LIBEXECDIR:PATH=libexec

//Locale-dependent data (DATAROOTDIR/locale)
CMAKE_INSTALL_LOCALEDIR:PATH=

//Modifiable single-machine data (var)
CMAKE_INSTALL_LOCALSTATEDIR:PATH=var

//Man documentation (DATAROOTDIR/man)
CMAKE_INSTALL_MANDIR:PATH=

//C header files for non-gcc (/usr/include)
CMAKE_INSTALL_OLDINCLUDEDIR:PATH=/usr/include

//Install path prefix, prepended onto install directories.
CMAKE_INSTALL_PREFIX:PATH=/usr/local

//Run-time variable data (LOCALSTATEDIR/run)
CMAKE_INSTALL_RUNSTATEDIR:PATH=

//System admin executables (sbin)
CMAKE_INSTALL_SBINDIR:PATH=sbin

//Modifiable architecture-independent data (com)
CMAKE_INSTALL_SHAREDSTATEDIR:PATH=com

//Read-only single-machine data (etc)
CMAKE_INSTALL_SYSCONFDIR:PATH=etc

//Path to a program.
CMAKE_LINKER:FILEPATH=/usr/bin/ld.exe

//Path to a program.
CMAKE_MAKE_PROGRAM:FILEPATH=/usr/bin/make.exe

//Flags used by the linker during the creation of modules during
// all build types.
CMAKE_MODULE_LINKER_FLAGS:STRING=

//Flags used by the linker during the creation of modules during
// DEBUG builds.
CMAKE_MODULE_LINKER_FLAGS_DEBUG:STRING=

//Flags used by the linker during the creation of modules during
// MINSIZEREL builds.
CMAKE_MODULE_LINKER_FLAGS_MINSIZEREL:STRING=

//Flags used by the linker during the creation of modules during
// RELEASE builds.
CMAKE_MODULE_LINKER_FLAGS_RELEASE:STRING=

//Flags used by the linker during the creation of modules during
// RELWITHDEBINFO builds.
CMAKE_MODULE_LINKER_FLAGS_RELWITHDEBINFO:STRING=

//Path to a program.
CMAKE_NM:FILEPATH=/usr/bin/nm.exe

//Path to a program.
CMAKE_OBJCOPY:FILEPATH=/usr/bin/objcopy.exe

//Path to a program.
CMAKE_OBJDUMP:FILEPATH=/usr/bin/objdump.exe

//Value Computed by CMake
CMAKE_PROJECT_DESCRIPTION:STATIC=libCZI is an Open Source Cross-Platform C++ library to read and write CZI

//Value Computed by CMake
CMAKE_PROJECT_HOMEPAGE_URL:STATIC=https://github.com/ZEISS/libczi

//Value Computed by CMake
CMAKE_PROJECT_NAME:STATIC=libCZI

//Value Computed by CMake
CMAKE_PROJECT_VERSION:STATIC=0.62.0

//Value Computed by CMake
CMAKE_PROJECT_VERSION_MAJOR:STATIC=0

//Value Computed by CMake
CMAKE_PROJECT_VERSION_MINOR:STATIC=62

//Value Computed by CMake
CMAKE_PROJECT_VERSION_PATCH:STATIC=0

//Value Computed by CMake
CMAKE_PROJECT_VERSION_TWEAK:STATIC=

//Path to a program.
CMAKE_RANLIB:FILEPATH=/usr/bin/ranlib.exe

//RC compiler
CMAKE_RC_COMPILER:FILEPATH=/usr/bin/windres.exe

//Flags for Windows Resource Compiler during all build types.
CMAKE_RC_FLAGS:STRING=

//Flags for Windows Resource Compiler during DEBUG builds.
CMAKE_RC_FLAGS_DEBUG:STRING=

//Flags for Windows Resource Compiler during MINSIZEREL builds.
CMAKE_RC_FLAGS_MINSIZEREL:STRING=

//Flags for Windows Resource Compiler during RELEASE builds.
CMAKE_RC_FLAGS_RELEASE:STRING=

//Flags for Windows Resource Compiler during RELWITHDEBINFO builds.
CMAKE_RC_FLAGS_RELWITHDEBINFO:STRING=

//Path to a program.
CMAKE_READELF:FILEPATH=/usr/bin/readelf.exe

//Flags used by the linker during the creation of shared libraries
// during all build types.
CMAKE_SHARED_LINKER_FLAGS:STRING=

//Flags used by the linker during the creation of shared libraries
// during DEBUG builds.
CMAKE_SHARED_LINKER_FLAGS_DEBUG:STRING=

//Flags used by the linker during the creation of shared libraries
// during MINSIZEREL builds.
CMAKE_SHARED_LINKER_FLAGS_MINSIZEREL:STRING=

//Flags used by the linker during the creation of shared libraries
// during RELEASE builds.
CMAKE_SHARED_LINKER_FLAGS_RELEASE:STRING=

//Flags used by the linker during the creation of shared libraries
// during RELWITHDEBINFO builds.
CMAKE_SHARED_LINKER_FLAGS_RELWITHDEBINFO:STRING=

//If set, runtime paths are not added when installing shared libraries,
// but are added when building.
CMAKE_SKIP_INSTALL_RPATH:BOOL=NO

//If set, runtime paths are not added when using shared libraries.
CMAKE_SKIP_RPATH:BOOL=NO

//Flags used by the linker during the creation of static libraries
// during all build types.
CMAKE_STATIC_LINKER_FLAGS:STRING=

//Flags used by the linker during the creation of static libraries
// during DEBUG builds.
CMAKE_STATIC_LINKER_FLAGS_DEBUG:STRING=

//Flags used by the linker during the creation of static libraries
// during MINSIZEREL builds.
CMAKE_STATIC_LINKER_FLAGS_MINSIZEREL:STRING=

//Flags used by the linker during the creation of static libraries
// during RELEASE builds.
CMAKE_STATIC_LINKER_FLAGS_RELEASE:STRING=

//Flags used by the linker during the creation of static libraries
// during RELWITHDEBINFO builds.
CMAKE_STATIC_LINKER_FLAGS_RELWITHDEBINFO:STRING=

//Path to a program.
CMAKE_STRIP:FILEPATH=/usr/bin/strip.exe

//Path to a program.
CMAKE_TAPI:FILEPATH=CMAKE_TAPI-NOTFOUND

//If this value is on, makefiles will be generated without the
// .SILENT directive, and all commands will be echoed to the console
// during the make.  This is useful for debugging only. With Visual
// Studio IDE projects all commands are done without /nologo.
CMAKE_VERBOSE_MAKEFILE:BOOL=FALSE

//Path to the coverage program that CTest uses for performing coverage
// inspection
COVERAGE_COMMAND:FILEPATH=/usr/bin/gcov.exe

//Extra command line flags to pass to the coverage tool
COVERAGE_EXTRA_FLAGS:STRING=-l

//Enable to build Cygwin binary packages
CPACK_BINARY_CYGWIN:BOOL=ON

//Enable to build IFW packages
CPACK_BINARY_IFW:BOOL=OFF

//How many times to retry timed-out CTest submissions.
CTEST_SUBMIT_RETRY_COUNT:STRING=3

//How long to wait between timed-out CTest submissions.
CTEST_SUBMIT_RETRY_DELAY:STRING=5

//Maximum time allowed before CTest will kill the test.
DART_TESTING_TIMEOUT:STRING=1500

//Path to the documentation
DOC_INSTALL_DIR:PATH=/usr/local/share/doc/RapidJSON

//Directory under which to collect all populated content
FETCHCONTENT_BASE_DIR:PATH=/d/dev/Github/libczi-zeiss-ptahmose/buildmsys2/msys/_deps

//Disables all attempts to download or update content and assumes
// source dirs already exist
FETCHCONTENT_FULLY_DISCONNECTED:BOOL=OFF

//Enables QUIET option for all content population
FETCHCONTENT_QUIET:BOOL=ON

//When not empty, overrides where to find pre-populated content
// for cli11
FETCHCONTENT_SOURCE_DIR_CLI11:PATH=

//When not empty, overrides where to find pre-populated content
// for googletest
FETCHCONTENT_SOURCE_DIR_GOOGLETEST:PATH=

//When not empty, overrides where to find pre-populated content
// for RapidJSON
FETCHCONTENT_SOURCE_DIR_RAPIDJSON:PATH=

//When not empty, overrides where to find pre-populated content
// for zstd
FETCHCONTENT_SOURCE_DIR_ZSTD:PATH=

//Enables UPDATE_DISCONNECTED behavior for all content population
FETCHCONTENT_UPDATES_DISCONNECTED:BOOL=OFF

//Enables UPDATE_DISCONNECTED behavior just for population of cli11
FETCHCONTENT_UPDATES_DISCONNECTED_CLI11:BOOL=OFF

//Enables UPDATE_DISCONNECTED behavior just for population of googletest
FETCHCONTENT_UPDATES_DISCONNECTED_GOOGLETEST:BOOL=OFF

//Enables UPDATE_DISCONNECTED behavior just for population of RapidJSON
FETCHCONTENT_UPDATES_DISCONNECTED_RAPIDJSON:BOOL=OFF

//Enables UPDATE_DISCONNECTED behavior just for population of zstd
FETCHCONTENT_UPDATES_DISCONNECTED_ZSTD:BOOL=OFF

//Path to a program.
GITCOMMAND:FILEPATH=/usr/bin/git.exe

//Git command line client
GIT_EXECUTABLE:FILEPATH=/usr/bin/git.exe

//Use Abseil and RE2. Requires Abseil and RE2 to be separately
// added to the build.
GTEST_HAS_ABSL:BOOL=OFF

//The directory the headers are installed in
INCLUDE_INSTALL_DIR:PATH=/usr/local/include

//Enable installation of googletest. (Projects embedding googletest
// may want to turn this OFF.)
INSTALL_GTEST:BOOL=OFF

//include AzureSDK-based stream object for accessing Azure-Blob-Store
LIBCZI_BUILD_AZURESDK_BASED_STREAM:BOOL=OFF

//include curl-based http-/https-stream object
LIBCZI_BUILD_CURL_BASED_STREAM:BOOL=OFF

//Build application 'CZICmd'.
LIBCZI_BUILD_CZICMD:BOOL=ON

//Build dynamic library for 'libCZI'.
LIBCZI_BUILD_DYNLIB:BOOL=ON

//Prefer an Eigen3-package present on the system
LIBCZI_BUILD_PREFER_EXTERNALPACKAGE_EIGEN3:BOOL=OFF

//Prefer a libcurl package present on the system
LIBCZI_BUILD_PREFER_EXTERNALPACKAGE_LIBCURL:BOOL=OFF

//Prefer an RapidJSON-package present on the system
LIBCZI_BUILD_PREFER_EXTERNALPACKAGE_RAPIDJSON:BOOL=OFF

//Prefer a ZSTD-package present on the system
LIBCZI_BUILD_PREFER_EXTERNALPACKAGE_ZSTD:BOOL=OFF

//Build the gTest-based unit-tests
LIBCZI_BUILD_UNITTESTS:BOOL=ON

//In case of building with VisualStudio, do NOT configure to link
// the static C-runtime
LIBCZI_DO_NOT_SET_MSVC_RUNTIME_LIBRARY:BOOL=OFF

//Directory where lib will install
LIB_INSTALL_DIR:STRING=/usr/local/lib

//Command to build the project
MAKECOMMAND:STRING=/usr/bin/cmake.exe --build . --config "${CTEST_CONFIGURATION_TYPE}"

//Path to the memory checking command, used for memory error detection.
MEMORYCHECK_COMMAND:FILEPATH=MEMORYCHECK_COMMAND-NOTFOUND

//File that contains suppressions for the memory checker
MEMORYCHECK_SUPPRESSIONS_FILE:FILEPATH=

//Build rapidjson with address sanitizer (gcc/clang)
RAPIDJSON_BUILD_ASAN:BOOL=OFF

//Build rapidjson with C++11
RAPIDJSON_BUILD_CXX11:BOOL=ON

//Build rapidjson with C++17
RAPIDJSON_BUILD_CXX17:BOOL=OFF

//Build rapidjson with C++20
RAPIDJSON_BUILD_CXX20:BOOL=OFF

//Build rapidjson documentation.
RAPIDJSON_BUILD_DOC:BOOL=OFF

//Build rapidjson examples.
RAPIDJSON_BUILD_EXAMPLES:BOOL=OFF

//Build rapidjson perftests and unittests.
RAPIDJSON_BUILD_TESTS:BOOL=OFF

//Use gtest installation in `thirdparty/gtest` by default if available
RAPIDJSON_BUILD_THIRDPARTY_GTEST:BOOL=OFF

//Build rapidjson with undefined behavior sanitizer (gcc/clang)
RAPIDJSON_BUILD_UBSAN:BOOL=OFF

//Build rapidjson with -march or -mcpu options
RAPIDJSON_ENABLE_INSTRUMENTATION_OPT:BOOL=ON

RAPIDJSON_HAS_STDSTRING:BOOL=OFF

RAPIDJSON_USE_MEMBERSMAP:BOOL=OFF

//Value Computed by CMake
RapidJSON_BINARY_DIR:STATIC=/d/dev/Github/libczi-zeiss-ptahmose/buildmsys2/msys/_deps/rapidjson-build

//Value Computed by CMake
RapidJSON_IS_TOP_LEVEL:STATIC=OFF

//Value Computed by CMake
RapidJSON_SOURCE_DIR:STATIC=/d/dev/Github/libczi-zeiss-ptahmose/buildmsys2/msys/_deps/rapidjson-src

//Name of the computer/site where compile is being run
SITE:STRING=Pepi

//Path to a program.
VALGRIND_FOUND:FILEPATH=VALGRIND_FOUND-NOTFOUND

//Visibility for ZDICTLIB_STATIC_API API
ZDICTLIB_STATIC_API:STRING=

//Visibility for ZDICTLIB_VISIBLE API
ZDICTLIB_VISIBLE:STRING=

//Visibility for ZSTDERRORLIB_VISIBLE API
ZSTDERRORLIB_VISIBLE:STRING=

//Visibility for ZSTDLIB_STATIC_API API
ZSTDLIB_STATIC_API:STRING=

//Visibility for ZSTDLIB API
ZSTDLIB_VISIBLE:STRING=

//BUILD COMPRESSION MODULE
ZSTD_BUILD_COMPRESSION:BOOL=ON

//BUILD CONTRIB
ZSTD_BUILD_CONTRIB:BOOL=OFF

//BUILD DECOMPRESSION MODULE
ZSTD_BUILD_DECOMPRESSION:BOOL=ON

//BUILD DEPRECATED MODULE
ZSTD_BUILD_DEPRECATED:BOOL=OFF

//BUILD DICTBUILDER MODULE
ZSTD_BUILD_DICTBUILDER:BOOL=ON

//BUILD PROGRAMS
ZSTD_BUILD_PROGRAMS:BOOL=OFF

//BUILD SHARED LIBRARIES
ZSTD_BUILD_SHARED:BOOL=OFF

//BUILD STATIC LIBRARIES
ZSTD_BUILD_STATIC:BOOL=ON

//BUILD TESTS
ZSTD_BUILD_TESTS:BOOL=OFF

ZSTD_LEGACY_LEVEL:STRING=5

//LEGACY SUPPORT
ZSTD_LEGACY_SUPPORT:BOOL=ON

//MULTITHREADING SUPPORT
ZSTD_MULTITHREAD_SUPPORT:BOOL=ON

//PROGRAMS LINK SHARED
ZSTD_PROGRAMS_LINK_SHARED:BOOL=OFF

//Value Computed by CMake
gmock_BINARY_DIR:STATIC=/d/dev/Github/libczi-zeiss-ptahmose/buildmsys2/msys/_deps/googletest-build/googlemock

//Value Computed by CMake
gmock_IS_TOP_LEVEL:STATIC=OFF

//Value Computed by CMake
gmock_SOURCE_DIR:STATIC=/d/dev/Github/libczi-zeiss-ptahmose/buildmsys2/msys/_deps/googletest-src/googlemock

//Build all of Google Mock's own tests.
gmock_build_tests:BOOL=OFF

//Value Computed by CMake
googletest-distribution_BINARY_DIR:STATIC=/d/dev/Github/libczi-zeiss-ptahmose/buildmsys2/msys/_deps/googletest-build

//Value Computed by CMake
googletest-distribution_IS_TOP_LEVEL:STATIC=OFF

//Value Computed by CMake
googletest-distribution_SOURCE_DIR:STATIC=/d/dev/Github/libczi-zeiss-ptahmose/buildmsys2/msys/_deps/googletest-src

//Value Computed by CMake
gtest_BINARY_DIR:STATIC=/d/dev/Github/libczi-zeiss-ptahmose/buildmsys2/msys/_deps/googletest-build/googletest

//Value Computed by CMake
gtest_IS_TOP_LEVEL:STATIC=OFF

//Value Computed by CMake
gtest_SOURCE_DIR:STATIC=/d/dev/Github/libczi-zeiss-ptahmose/buildmsys2/msys/_deps/googletest-src/googletest

//Build gtest's sample programs.
gtest_build_samples:BOOL=OFF

//Build all of gtest's own tests.
gtest_build_tests:BOOL=OFF

//Disable uses of pthreads in gtest.
gtest_disable_pthreads:BOOL=OFF

//Use shared (DLL) run-time lib even when Google Test is built
// as static lib.
gtest_force_shared_crt:BOOL=ON

//Build gtest with internal symbols hidden in shared libraries.
gtest_hide_internal_symbols:BOOL=OFF

//Value Computed by CMake
libCZI_BINARY_DIR:STATIC=/d/dev/Github/libczi-zeiss-ptahmose/buildmsys2/msys

//Value Computed by CMake
libCZI_IS_TOP_LEVEL:STATIC=ON

//Value Computed by CMake
libCZI_SOURCE_DIR:STATIC=/d/dev/Github/libczi-zeiss-ptahmose

//Value Computed by CMake
libzstd_BINARY_DIR:STATIC=/d/dev/Github/libczi-zeiss-ptahmose/buildmsys2/msys/_deps/zstd-build/lib

//Value Computed by CMake
libzstd_IS_TOP_LEVEL:STATIC=OFF

//Value Computed by CMake
libzstd_SOURCE_DIR:STATIC=/d/dev/Github/libczi-zeiss-ptahmose/buildmsys2/msys/_deps/zstd-src/build/cmake/lib

//Value Computed by CMake
zstd_BINARY_DIR:STATIC=/d/dev/Github/libczi-zeiss-ptahmose/buildmsys2/msys/_deps/zstd-build

//Value Computed by CMake
zstd_IS_TOP_LEVEL:STATIC=OFF

//Value Computed by CMake
zstd_SOURCE_DIR:STATIC=/d/dev/Github/libczi-zeiss-ptahmose/buildmsys2/msys/_deps/zstd-src/build/cmake


########################
# INTERNAL cache entries
########################

//Have includes arm_neon.h
ARMNEONFOUND:INTERNAL=
//Build CLI11 examples
CLI11_BUILD_EXAMPLES:INTERNAL=OFF
//Build CLI11 tests
CLI11_BUILD_TESTS:INTERNAL=OFF
//ADVANCED property for variable: CMAKE_ADDR2LINE
CMAKE_ADDR2LINE-ADVANCED:INTERNAL=1
//ADVANCED property for variable: CMAKE_AR
CMAKE_AR-ADVANCED:INTERNAL=1
//ADVANCED property for variable: CMAKE_ASM_COMPILER
CMAKE_ASM_COMPILER-ADVANCED:INTERNAL=1
//ADVANCED property for variable: CMAKE_ASM_COMPILER_AR
CMAKE_ASM_COMPILER_AR-ADVANCED:INTERNAL=1
//ADVANCED property for variable: CMAKE_ASM_COMPILER_RANLIB
CMAKE_ASM_COMPILER_RANLIB-ADVANCED:INTERNAL=1
CMAKE_ASM_COMPILER_WORKS:INTERNAL=1
//ADVANCED property for variable: CMAKE_ASM_FLAGS
CMAKE_ASM_FLAGS-ADVANCED:INTERNAL=1
//ADVANCED property for variable: CMAKE_ASM_FLAGS_DEBUG
CMAKE_ASM_FLAGS_DEBUG-ADVANCED:INTERNAL=1
//ADVANCED property for variable: CMAKE_ASM_FLAGS_MINSIZEREL
CMAKE_ASM_FLAGS_MINSIZEREL-ADVANCED:INTERNAL=1
//ADVANCED property for variable: CMAKE_ASM_FLAGS_RELEASE
CMAKE_ASM_FLAGS_RELEASE-ADVANCED:INTERNAL=1
//ADVANCED property for variable: CMAKE_ASM_FLAGS_RELWITHDEBINFO
CMAKE_ASM_FLAGS_RELWITHDEBINFO-ADVANCED:INTERNAL=1
//STRINGS property for variable: CMAKE_BUILD_TYPE
CMAKE_BUILD_TYPE-STRINGS:INTERNAL=Debug;Release;MinSizeRel;RelWithDebInfo
//This is the directory where this CMakeCache.txt was created
CMAKE_CACHEFILE_DIR:INTERNAL=/d/dev/Github/libczi-zeiss-ptahmose/buildmsys2/msys
//Major version of cmake used to create the current loaded cache
CMAKE_CACHE_MAJOR_VERSION:INTERNAL=3
//Minor version of cmake used to create the current loaded cache
CMAKE_CACHE_MINOR_VERSION:INTERNAL=30
//Patch version of cmake used to create the current loaded cache
CMAKE_CACHE_PATCH_VERSION:INTERNAL=1
//ADVANCED property for variable: CMAKE_COLOR_MAKEFILE
CMAKE_COLOR_MAKEFILE-ADVANCED:INTERNAL=1
//Path to CMake executable.
CMAKE_COMMAND:INTERNAL=/usr/bin/cmake.exe
//Path to cpack program executable.
CMAKE_CPACK_COMMAND:INTERNAL=/usr/bin/cpack.exe
//ADVANCED property for variable: CMAKE_CTEST_COMMAND
CMAKE_CTEST_COMMAND-ADVANCED:INTERNAL=1
//Path to ctest program executable.
CMAKE_CTEST_COMMAND:INTERNAL=/usr/bin/ctest.exe
//ADVANCED property for variable: CMAKE_CXX_COMPILER
CMAKE_CXX_COMPILER-ADVANCED:INTERNAL=1
//ADVANCED property for variable: CMAKE_CXX_COMPILER_AR
CMAKE_CXX_COMPILER_AR-ADVANCED:INTERNAL=1
//ADVANCED property for variable: CMAKE_CXX_COMPILER_RANLIB
CMAKE_CXX_COMPILER_RANLIB-ADVANCED:INTERNAL=1
//ADVANCED property for variable: CMAKE_CXX_FLAGS
CMAKE_CXX_FLAGS-ADVANCED:INTERNAL=1
//ADVANCED property for variable: CMAKE_CXX_FLAGS_DEBUG
CMAKE_CXX_FLAGS_DEBUG-ADVANCED:INTERNAL=1
//ADVANCED property for variable: CMAKE_CXX_FLAGS_MINSIZEREL
CMAKE_CXX_FLAGS_MINSIZEREL-ADVANCED:INTERNAL=1
//ADVANCED property for variable: CMAKE_CXX_FLAGS_RELEASE
CMAKE_CXX_FLAGS_RELEASE-ADVANCED:INTERNAL=1
//ADVANCED property for variable: CMAKE_CXX_FLAGS_RELWITHDEBINFO
CMAKE_CXX_FLAGS_RELWITHDEBINFO-ADVANCED:INTERNAL=1
//ADVANCED property for variable: CMAKE_C_COMPILER
CMAKE_C_COMPILER-ADVANCED:INTERNAL=1
//ADVANCED property for variable: CMAKE_C_COMPILER_AR
CMAKE_C_COMPILER_AR-ADVANCED:INTERNAL=1
//ADVANCED property for variable: CMAKE_C_COMPILER_RANLIB
CMAKE_C_COMPILER_RANLIB-ADVANCED:INTERNAL=1
//ADVANCED property for variable: CMAKE_C_FLAGS
CMAKE_C_FLAGS-ADVANCED:INTERNAL=1
//ADVANCED property for variable: CMAKE_C_FLAGS_DEBUG
CMAKE_C_FLAGS_DEBUG-ADVANCED:INTERNAL=1
//ADVANCED property for variable: CMAKE_C_FLAGS_MINSIZEREL
CMAKE_C_FLAGS_MINSIZEREL-ADVANCED:INTERNAL=1
//ADVANCED property for variable: CMAKE_C_FLAGS_RELEASE
CMAKE_C_FLAGS_RELEASE-ADVANCED:INTERNAL=1
//ADVANCED property for variable: CMAKE_C_FLAGS_RELWITHDEBINFO
CMAKE_C_FLAGS_RELWITHDEBINFO-ADVANCED:INTERNAL=1
//ADVANCED property for variable: CMAKE_DLLTOOL
CMAKE_DLLTOOL-ADVANCED:INTERNAL=1
//Path to cache edit program executable.
CMAKE_EDIT_COMMAND:INTERNAL=/usr/bin/ccmake.exe
//Executable file format
CMAKE_EXECUTABLE_FORMAT:INTERNAL=Unknown
//ADVANCED property for variable: CMAKE_EXE_LINKER_FLAGS
CMAKE_EXE_LINKER_FLAGS-ADVANCED:INTERNAL=1
//ADVANCED property for variable: CMAKE_EXE_LINKER_FLAGS_DEBUG
CMAKE_EXE_LINKER_FLAGS_DEBUG-ADVANCED:INTERNAL=1
//ADVANCED property for variable: CMAKE_EXE_LINKER_FLAGS_MINSIZEREL
CMAKE_EXE_LINKER_FLAGS_MINSIZEREL-ADVANCED:INTERNAL=1
//ADVANCED property for variable: CMAKE_EXE_LINKER_FLAGS_RELEASE
CMAKE_EXE_LINKER_FLAGS_RELEASE-ADVANCED:INTERNAL=1
//ADVANCED property for variable: CMAKE_EXE_LINKER_FLAGS_RELWITHDEBINFO
CMAKE_EXE_LINKER_FLAGS_RELWITHDEBINFO-ADVANCED:INTERNAL=1
//ADVANCED property for variable: CMAKE_EXPORT_COMPILE_COMMANDS
CMAKE_EXPORT_COMPILE_COMMANDS-ADVANCED:INTERNAL=1
//Name of external makefile project generator.
CMAKE_EXTRA_GENERATOR:INTERNAL=
//Name of generator.
CMAKE_GENERATOR:INTERNAL=Unix Makefiles
//Generator instance identifier.
CMAKE_GENERATOR_INSTANCE:INTERNAL=
//Name of generator platform.
CMAKE_GENERATOR_PLATFORM:INTERNAL=
//Name of generator toolset.
CMAKE_GENERATOR_TOOLSET:INTERNAL=
//Test CMAKE_HAVE_LIBC_PTHREAD
CMAKE_HAVE_LIBC_PTHREAD:INTERNAL=1
//Source directory with the top level CMakeLists.txt file for this
// project
CMAKE_HOME_DIRECTORY:INTERNAL=/d/dev/Github/libczi-zeiss-ptahmose
//ADVANCED property for variable: CMAKE_INSTALL_BINDIR
CMAKE_INSTALL_BINDIR-ADVANCED:INTERNAL=1
//ADVANCED property for variable: CMAKE_INSTALL_DATADIR
CMAKE_INSTALL_DATADIR-ADVANCED:INTERNAL=1
//ADVANCED property for variable: CMAKE_INSTALL_DATAROOTDIR
CMAKE_INSTALL_DATAROOTDIR-ADVANCED:INTERNAL=1
//ADVANCED property for variable: CMAKE_INSTALL_DOCDIR
CMAKE_INSTALL_DOCDIR-ADVANCED:INTERNAL=1
//ADVANCED property for variable: CMAKE_INSTALL_INCLUDEDIR
CMAKE_INSTALL_INCLUDEDIR-ADVANCED:INTERNAL=1
//ADVANCED property for variable: CMAKE_INSTALL_INFODIR
CMAKE_INSTALL_INFODIR-ADVANCED:INTERNAL=1
//ADVANCED property for variable: CMAKE_INSTALL_LIBDIR
CMAKE_INSTALL_LIBDIR-ADVANCED:INTERNAL=1
//ADVANCED property for variable: CMAKE_INSTALL_LIBEXECDIR
CMAKE_INSTALL_LIBEXECDIR-ADVANCED:INTERNAL=1
//ADVANCED property for variable: CMAKE_INSTALL_LOCALEDIR
CMAKE_INSTALL_LOCALEDIR-ADVANCED:INTERNAL=1
//ADVANCED property for variable: CMAKE_INSTALL_LOCALSTATEDIR
CMAKE_INSTALL_LOCALSTATEDIR-ADVANCED:INTERNAL=1
//ADVANCED property for variable: CMAKE_INSTALL_MANDIR
CMAKE_INSTALL_MANDIR-ADVANCED:INTERNAL=1
//ADVANCED property for variable: CMAKE_INSTALL_OLDINCLUDEDIR
CMAKE_INSTALL_OLDINCLUDEDIR-ADVANCED:INTERNAL=1
//ADVANCED property for variable: CMAKE_INSTALL_RUNSTATEDIR
CMAKE_INSTALL_RUNSTATEDIR-ADVANCED:INTERNAL=1
//ADVANCED property for variable: CMAKE_INSTALL_SBINDIR
CMAKE_INSTALL_SBINDIR-ADVANCED:INTERNAL=1
//ADVANCED property for variable: CMAKE_INSTALL_SHAREDSTATEDIR
CMAKE_INSTALL_SHAREDSTATEDIR-ADVANCED:INTERNAL=1
//ADVANCED property for variable: CMAKE_INSTALL_SYSCONFDIR
CMAKE_INSTALL_SYSCONFDIR-ADVANCED:INTERNAL=1
//ADVANCED property for variable: CMAKE_LINKER
CMAKE_LINKER-ADVANCED:INTERNAL=1
//ADVANCED property for variable: CMAKE_MAKE_PROGRAM
CMAKE_MAKE_PROGRAM-ADVANCED:INTERNAL=1
//ADVANCED property for variable: CMAKE_MODULE_LINKER_FLAGS
CMAKE_MODULE_LINKER_FLAGS-ADVANCED:INTERNAL=1
//ADVANCED property for variable: CMAKE_MODULE_LINKER_FLAGS_DEBUG
CMAKE_MODULE_LINKER_FLAGS_DEBUG-ADVANCED:INTERNAL=1
//ADVANCED property for variable: CMAKE_MODULE_LINKER_FLAGS_MINSIZEREL
CMAKE_MODULE_LINKER_FLAGS_MINSIZEREL-ADVANCED:INTERNAL=1
//ADVANCED property for variable: CMAKE_MODULE_LINKER_FLAGS_RELEASE
CMAKE_MODULE_LINKER_FLAGS_RELEASE-ADVANCED:INTERNAL=1
//ADVANCED property for variable: CMAKE_MODULE_LINKER_FLAGS_RELWITHDEBINFO
CMAKE_MODULE_LINKER_FLAGS_RELWITHDEBINFO-ADVANCED:INTERNAL=1
//ADVANCED property for variable: CMAKE_NM
CMAKE_NM-ADVANCED:INTERNAL=1
//number of local generators
CMAKE_NUMBER_OF_MAKEFILES:INTERNAL=14
//ADVANCED property for variable: CMAKE_OBJCOPY
CMAKE_OBJCOPY-ADVANCED:INTERNAL=1
//ADVANCED property for variable: CMAKE_OBJDUMP
CMAKE_OBJDUMP-ADVANCED:INTERNAL=1
//Platform information initialized
CMAKE_PLATFORM_INFO_INITIALIZED:INTERNAL=1
//ADVANCED property for variable: CMAKE_RANLIB
CMAKE_RANLIB-ADVANCED:INTERNAL=1
//ADVANCED property for variable: CMAKE_RC_COMPILER
CMAKE_RC_COMPILER-ADVANCED:INTERNAL=1
CMAKE_RC_COMPILER_WORKS:INTERNAL=1
//ADVANCED property for variable: CMAKE_RC_FLAGS
CMAKE_RC_FLAGS-ADVANCED:INTERNAL=1
//ADVANCED property for variable: CMAKE_RC_FLAGS_DEBUG
CMAKE_RC_FLAGS_DEBUG-ADVANCED:INTERNAL=1
//ADVANCED property for variable: CMAKE_RC_FLAGS_MINSIZEREL
CMAKE_RC_FLAGS_MINSIZEREL-ADVANCED:INTERNAL=1
//ADVANCED property for variable: CMAKE_RC_FLAGS_RELEASE
CMAKE_RC_FLAGS_RELEASE-ADVANCED:INTERNAL=1
//ADVANCED property for variable: CMAKE_RC_FLAGS_RELWITHDEBINFO
CMAKE_RC_FLAGS_RELWITHDEBINFO-ADVANCED:INTERNAL=1
//ADVANCED property for variable: CMAKE_READELF
CMAKE_READELF-ADVANCED:INTERNAL=1
//Path to CMake installation.
CMAKE_ROOT:INTERNAL=/usr/share/cmake
//ADVANCED property for variable: CMAKE_SHARED_LINKER_FLAGS
CMAKE_SHARED_LINKER_FLAGS-ADVANCED:INTERNAL=1
//ADVANCED property for variable: CMAKE_SHARED_LINKER_FLAGS_DEBUG
CMAKE_SHARED_LINKER_FLAGS_DEBUG-ADVANCED:INTERNAL=1
//ADVANCED property for variable: CMAKE_SHARED_LINKER_FLAGS_MINSIZEREL
CMAKE_SHARED_LINKER_FLAGS_MINSIZEREL-ADVANCED:INTERNAL=1
//ADVANCED property for variable: CMAKE_SHARED_LINKER_FLAGS_RELEASE
CMAKE_SHARED_LINKER_FLAGS_RELEASE-ADVANCED:INTERNAL=1
//ADVANCED property for variable: CMAKE_SHARED_LINKER_FLAGS_RELWITHDEBINFO
CMAKE_SHARED_LINKER_FLAGS_RELWITHDEBINFO-ADVANCED:INTERNAL=1
//ADVANCED property for variable: CMAKE_SKIP_INSTALL_RPATH
CMAKE_SKIP_INSTALL_RPATH-ADVANCED:INTERNAL=1
//ADVANCED property for variable: CMAKE_SKIP_RPATH
CMAKE_SKIP_RPATH-ADVANCED:INTERNAL=1
//ADVANCED property for variable: CMAKE_STATIC_LINKER_FLAGS
CMAKE_STATIC_LINKER_FLAGS-ADVANCED:INTERNAL=1
//ADVANCED property for variable: CMAKE_STATIC_LINKER_FLAGS_DEBUG
CMAKE_STATIC_LINKER_FLAGS_DEBUG-ADVANCED:INTERNAL=1
//ADVANCED property for variable: CMAKE_STATIC_LINKER_FLAGS_MINSIZEREL
CMAKE_STATIC_LINKER_FLAGS_MINSIZEREL-ADVANCED:INTERNAL=1
//ADVANCED property for variable: CMAKE_STATIC_LINKER_FLAGS_RELEASE
CMAKE_STATIC_LINKER_FLAGS_RELEASE-ADVANCED:INTERNAL=1
//ADVANCED property for variable: CMAKE_STATIC_LINKER_FLAGS_RELWITHDEBINFO
CMAKE_STATIC_LINKER_FLAGS_RELWITHDEBINFO-ADVANCED:INTERNAL=1
//ADVANCED property for variable: CMAKE_STRIP
CMAKE_STRIP-ADVANCED:INTERNAL=1
//ADVANCED property for variable: CMAKE_TAPI
CMAKE_TAPI-ADVANCED:INTERNAL=1
//uname command
CMAKE_UNAME:INTERNAL=/usr/bin/uname.exe
//ADVANCED property for variable: CMAKE_VERBOSE_MAKEFILE
CMAKE_VERBOSE_MAKEFILE-ADVANCED:INTERNAL=1
//ADVANCED property for variable: COVERAGE_COMMAND
COVERAGE_COMMAND-ADVANCED:INTERNAL=1
//ADVANCED property for variable: COVERAGE_EXTRA_FLAGS
COVERAGE_EXTRA_FLAGS-ADVANCED:INTERNAL=1
//ADVANCED property for variable: CPACK_BINARY_IFW
CPACK_BINARY_IFW-ADVANCED:INTERNAL=1
//Result of test for 'CPU supports unaligned read/write'
CRASH_ON_UNALIGNED_ACCESS:INTERNAL=FALSE
//ADVANCED property for variable: CTEST_SUBMIT_RETRY_COUNT
CTEST_SUBMIT_RETRY_COUNT-ADVANCED:INTERNAL=1
//ADVANCED property for variable: CTEST_SUBMIT_RETRY_DELAY
CTEST_SUBMIT_RETRY_DELAY-ADVANCED:INTERNAL=1
//Test CXX_FLAG_QUNUSED_ARGUMENTS
CXX_FLAG_QUNUSED_ARGUMENTS:INTERNAL=
//Test CXX_FLAG_WALL
CXX_FLAG_WALL:INTERNAL=1
//Test CXX_FLAG_WA_NOEXECSTACK
CXX_FLAG_WA_NOEXECSTACK:INTERNAL=
//Test CXX_FLAG_WCAST_ALIGN
CXX_FLAG_WCAST_ALIGN:INTERNAL=1
//Test CXX_FLAG_WCAST_QUAL
CXX_FLAG_WCAST_QUAL:INTERNAL=1
//Test CXX_FLAG_WEXTRA
CXX_FLAG_WEXTRA:INTERNAL=1
//Test CXX_FLAG_WSHADOW
CXX_FLAG_WSHADOW:INTERNAL=1
//Test CXX_FLAG_WUNDEF
CXX_FLAG_WUNDEF:INTERNAL=1
//Test C_FLAG_QUNUSED_ARGUMENTS
C_FLAG_QUNUSED_ARGUMENTS:INTERNAL=
//Test C_FLAG_WALL
C_FLAG_WALL:INTERNAL=1
//Test C_FLAG_WA_NOEXECSTACK
C_FLAG_WA_NOEXECSTACK:INTERNAL=
//Test C_FLAG_WCAST_ALIGN
C_FLAG_WCAST_ALIGN:INTERNAL=1
//Test C_FLAG_WCAST_QUAL
C_FLAG_WCAST_QUAL:INTERNAL=1
//Test C_FLAG_WEXTRA
C_FLAG_WEXTRA:INTERNAL=1
//Test C_FLAG_WSHADOW
C_FLAG_WSHADOW:INTERNAL=1
//Test C_FLAG_WSTRICT_PROTOTYPES
C_FLAG_WSTRICT_PROTOTYPES:INTERNAL=1
//Test C_FLAG_WUNDEF
C_FLAG_WUNDEF:INTERNAL=1
//ADVANCED property for variable: DART_TESTING_TIMEOUT
DART_TESTING_TIMEOUT-ADVANCED:INTERNAL=1
//Details about finding Threads
FIND_PACKAGE_MESSAGE_DETAILS_Threads:INTERNAL=[TRUE][v()]
//ADVANCED property for variable: GITCOMMAND
GITCOMMAND-ADVANCED:INTERNAL=1
//ADVANCED property for variable: GIT_EXECUTABLE
GIT_EXECUTABLE-ADVANCED:INTERNAL=1
//Have symbol aligned_alloc
HAVE_ALIGNED_ALLOC:INTERNAL=1
//Have include endian.h
HAVE_ENDIAN_H:INTERNAL=1
//Have symbol open
HAVE_FCNTL_H_OPEN:INTERNAL=1
//Result of TRY_COMPILE
HAVE_SIZEOF_OFF_T:INTERNAL=TRUE
//Have include stddef.h
HAVE_STDDEF_H:INTERNAL=1
//Have include stdint.h
HAVE_STDINT_H:INTERNAL=1
//Have include sys/types.h
HAVE_SYS_TYPES_H:INTERNAL=1
//Have symbol pread
HAVE_UNISTD_H_PREAD:INTERNAL=1
//Have symbol pwrite
HAVE_UNISTD_H_PWRITE:INTERNAL=1
//Have symbol _mm256_storeu2_m128i
IMMINTRINFOUND:INTERNAL=
//64-bit off_t required definitions
LARGE_FILES_DEFINITIONS:INTERNAL=
//Test LD_FLAG_Z_NOEXECSTACK
LD_FLAG_Z_NOEXECSTACK:INTERNAL=
//ADVANCED property for variable: MAKECOMMAND
MAKECOMMAND-ADVANCED:INTERNAL=1
//ADVANCED property for variable: MEMORYCHECK_COMMAND
MEMORYCHECK_COMMAND-ADVANCED:INTERNAL=1
//ADVANCED property for variable: MEMORYCHECK_SUPPRESSIONS_FILE
MEMORYCHECK_SUPPRESSIONS_FILE-ADVANCED:INTERNAL=1
//ADVANCED property for variable: SITE
SITE-ADVANCED:INTERNAL=1
//CHECK_TYPE_SIZE: sizeof(off_t)
SIZEOF_OFF_T:INTERNAL=8
//STRINGS property for variable: ZDICTLIB_STATIC_API
ZDICTLIB_STATIC_API-STRINGS:INTERNAL=;hidden;default;protected;internal
//STRINGS property for variable: ZDICTLIB_VISIBLE
ZDICTLIB_VISIBLE-STRINGS:INTERNAL=;hidden;default;protected;internal
//STRINGS property for variable: ZSTDERRORLIB_VISIBLE
ZSTDERRORLIB_VISIBLE-STRINGS:INTERNAL=;hidden;default;protected;internal
//STRINGS property for variable: ZSTDLIB_STATIC_API
ZSTDLIB_STATIC_API-STRINGS:INTERNAL=;hidden;default;protected;internal
//STRINGS property for variable: ZSTDLIB_VISIBLE
ZSTDLIB_VISIBLE-STRINGS:INTERNAL=;hidden;default;protected;internal
//linker supports push/pop state
_CMAKE_LINKER_PUSHPOP_STATE_SUPPORTED:INTERNAL=TRUE
//CMAKE_INSTALL_PREFIX during last run
_GNUInstallDirs_LAST_CMAKE_INSTALL_PREFIX:INTERNAL=/usr/local
//Result of tests for large file support
_LARGEFILES:INTERNAL=1
//Compiler reason failure
_Python3_Compiler_REASON_FAILURE:INTERNAL=
//Development reason failure
_Python3_Development_REASON_FAILURE:INTERNAL=
//Path to a program.
_Python3_EXECUTABLE:INTERNAL=_Python3_EXECUTABLE-NOTFOUND
//Interpreter reason failure
_Python3_Interpreter_REASON_FAILURE:INTERNAL=
//NumPy reason failure
_Python3_NumPy_REASON_FAILURE:INTERNAL=
//Test _UNALIGNED_ACCESS_RESULT
_UNALIGNED_ACCESS_RESULT:INTERNAL=1
//Result of TRY_COMPILE
_UNALIGNED_ACCESS_RESULT_COMPILED:INTERNAL=TRUE
//Result of try_run()
_UNALIGNED_ACCESS_RESULT_EXITCODE:INTERNAL=0
cmake_package_name:INTERNAL=GTest
//ADVANCED property for variable: gmock_build_tests
gmock_build_tests-ADVANCED:INTERNAL=1
//ADVANCED property for variable: gtest_build_samples
gtest_build_samples-ADVANCED:INTERNAL=1
//ADVANCED property for variable: gtest_build_tests
gtest_build_tests-ADVANCED:INTERNAL=1
//ADVANCED property for variable: gtest_disable_pthreads
gtest_disable_pthreads-ADVANCED:INTERNAL=1
//ADVANCED property for variable: gtest_force_shared_crt
gtest_force_shared_crt-ADVANCED:INTERNAL=1
//ADVANCED property for variable: gtest_hide_internal_symbols
gtest_hide_internal_symbols-ADVANCED:INTERNAL=1
//Test jxrdecode_Has_builtin_bswap32
jxrdecode_Has_builtin_bswap32:INTERNAL=1
//Have symbol _rotl
jxrdecode_Has_rotl_with_intrin:INTERNAL=1

